1,http://www.celestrak.com/NORAD/elements/tle-new.txt
1,http://www.celestrak.com/NORAD/elements/stations.txt
1,http://www.celestrak.com/NORAD/elements/visual.txt
1,http://www.celestrak.com/NORAD/elements/1999-025.txt
1,http://www.celestrak.com/NORAD/elements/iridium-33-debris.txt
1,http://www.celestrak.com/NORAD/elements/cosmos-2251-debris.txt
1,http://www.celestrak.com/NORAD/elements/weather.txt
1,http://www.celestrak.com/NORAD/elements/noaa.txt
1,http://www.celestrak.com/NORAD/elements/goes.txt
1,http://www.celestrak.com/NORAD/elements/resource.txt
1,http://www.celestrak.com/NORAD/elements/sarsat.txt
1,http://www.celestrak.com/NORAD/elements/dmc.txt
1,http://www.celestrak.com/NORAD/elements/tdrss.txt
1,http://www.celestrak.com/NORAD/elements/geo.txt
1,http://www.celestrak.com/NORAD/elements/intelsat.txt
1,http://www.celestrak.com/NORAD/elements/gorizont.txt
1,http://www.celestrak.com/NORAD/elements/raduga.txt
1,http://www.celestrak.com/NORAD/elements/molniya.txt
1,http://www.celestrak.com/NORAD/elements/iridium.txt
1,http://www.celestrak.com/NORAD/elements/orbcomm.txt
1,http://www.celestrak.com/NORAD/elements/globalstar.txt
1,http://www.celestrak.com/NORAD/elements/amateur.txt
1,http://www.celestrak.com/NORAD/elements/x-comm.txt
1,http://www.celestrak.com/NORAD/elements/other-comm.txt
1,http://www.celestrak.com/NORAD/elements/gps-ops.txt
1,http://www.celestrak.com/NORAD/elements/glo-ops.txt
1,http://www.celestrak.com/NORAD/elements/galileo.txt
1,http://www.celestrak.com/NORAD/elements/sbas.txt
1,http://www.celestrak.com/NORAD/elements/nnss.txt
1,http://www.celestrak.com/NORAD/elements/musson.txt
1,http://www.celestrak.com/NORAD/elements/science.txt
1,http://www.celestrak.com/NORAD/elements/geodetic.txt
1,http://www.celestrak.com/NORAD/elements/engineering.txt
1,http://www.celestrak.com/NORAD/elements/education.txt
1,http://www.celestrak.com/NORAD/elements/military.txt
1,http://www.celestrak.com/NORAD/elements/radar.txt
1,http://www.celestrak.com/NORAD/elements/cubesat.txt
1,http://www.celestrak.com/NORAD/elements/other.txt
